<?xml version="1.0" encoding="UTF-8"?>
<testng-results skipped="0" failed="0" ignored="0" total="1" passed="1">
  <reporter-output>
  </reporter-output>
  <suite name="Default suite" duration-ms="16820" started-at="2019-02-25T04:29:58Z" finished-at="2019-02-25T04:30:14Z">
    <groups>
    </groups>
    <test name="Default test" duration-ms="16820" started-at="2019-02-25T04:29:58Z" finished-at="2019-02-25T04:30:14Z">
      <class name="com.primusbank.tests.PrimusBankAdminTest">
        <test-method status="PASS" signature="launchApp()[pri:0, instance:com.primusbank.tests.PrimusBankAdminTest@28d25987]" name="launchApp" is-config="true" duration-ms="7018" started-at="2019-02-25T04:29:58Z" finished-at="2019-02-25T04:30:05Z">
          <reporter-output>
          </reporter-output>
        </test-method> <!-- launchApp -->
        <test-method status="PASS" signature="batchTest()[pri:0, instance:com.primusbank.tests.PrimusBankAdminTest@28d25987]" name="batchTest" duration-ms="7592" started-at="2019-02-25T04:30:05Z" finished-at="2019-02-25T04:30:12Z">
          <reporter-output>
          </reporter-output>
        </test-method> <!-- batchTest -->
        <test-method status="PASS" signature="closeApp()[pri:0, instance:com.primusbank.tests.PrimusBankAdminTest@28d25987]" name="closeApp" is-config="true" duration-ms="2146" started-at="2019-02-25T04:30:12Z" finished-at="2019-02-25T04:30:14Z">
          <reporter-output>
          </reporter-output>
        </test-method> <!-- closeApp -->
      </class> <!-- com.primusbank.tests.PrimusBankAdminTest -->
    </test> <!-- Default test -->
  </suite> <!-- Default suite -->
</testng-results>
